FullProject/KidsZone/app/build/intermediates/manifest_merge_blame_file/debug/manifest-merger-blame-debug-report.txt
1<?xml version="1.0" encoding="utf-8"?>
2<manifest xmlns:android="http://schemas.android.com/apk/res/android"
3    package="com.kidszone"
4    android:versionCode="1"
5    android:versionName="1.0" >
6
7    <uses-sdk
8        android:minSdkVersion="26"
8-->src\main\AndroidManifest.xml
9        android:targetSdkVersion="29" />
9-->src\main\AndroidManifest.xml
10
11    <uses-permission android:name="android.permission.ACCESS_NETWORK_STATE" />
11-->src\main\AndroidManifest.xml:5:5-79
11-->src\main\AndroidManifest.xml:5:22-76
12    <uses-permission android:name="android.permission.READ_PRIVILEGED_PHONE_STATE" />
12-->src\main\AndroidManifest.xml:6:5-8:47
12-->src\main\AndroidManifest.xml:7:9-70
13    <uses-permission android:name="android.permission.ACTION_MANAGE_OVERLAY_PERMISSION" />
13-->src\main\AndroidManifest.xml:9:5-91
13-->src\main\AndroidManifest.xml:9:22-88
14    <uses-permission android:name="android.permission.CAMERA" />
14-->src\main\AndroidManifest.xml:10:5-65
14-->src\main\AndroidManifest.xml:10:22-62
15    <uses-permission android:name="android.permission.INTERNET" />
15-->src\main\AndroidManifest.xml:11:5-67
15-->src\main\AndroidManifest.xml:11:22-64
16    <uses-permission android:name="android.permission.READ_EXTERNAL_STORAGE" />
16-->src\main\AndroidManifest.xml:12:5-96
16-->src\main\AndroidManifest.xml:12:22-77
17    <uses-permission android:name="android.permission.WRITE_EXTERNAL_STORAGE" />
17-->src\main\AndroidManifest.xml:13:5-81
17-->src\main\AndroidManifest.xml:13:22-78
18    <uses-permission android:name="android.permission.FOREGROUND_SERVICE" />
18-->src\main\AndroidManifest.xml:14:5-77
18-->src\main\AndroidManifest.xml:14:22-74
19    <uses-permission android:name="android.permission.POST_NOTIFICATIONS" />
19-->src\main\AndroidManifest.xml:15:5-77
19-->src\main\AndroidManifest.xml:15:22-74
20    <uses-permission android:name="android.permission.SYSTEM_ALERT_WINDOW" />
20-->src\main\AndroidManifest.xml:16:5-78
20-->src\main\AndroidManifest.xml:16:22-75
21    <uses-permission android:name="android.permission.EXPAND_STATUS_BAR" />
21-->src\main\AndroidManifest.xml:17:5-76
21-->src\main\AndroidManifest.xml:17:22-73
22    <uses-permission android:name="android.permission.DISABLE_KEYGUARD" />
22-->src\main\AndroidManifest.xml:18:5-75
22-->src\main\AndroidManifest.xml:18:22-72
23    <uses-permission android:name="android.permission.GET_TASKS" />
23-->src\main\AndroidManifest.xml:19:5-68
23-->src\main\AndroidManifest.xml:19:22-65
24    <uses-permission android:name="android.permission.KILL_BACKGROUND_PROCESSES" />
24-->src\main\AndroidManifest.xml:20:5-84
24-->src\main\AndroidManifest.xml:20:22-81
25    <uses-permission android:name="android.permission.REORDER_TASKS" />
25-->src\main\AndroidManifest.xml:21:5-72
25-->src\main\AndroidManifest.xml:21:22-69
26    <uses-permission android:name="android.permission.WAKE_LOCK" />
26-->src\main\AndroidManifest.xml:22:5-68
26-->src\main\AndroidManifest.xml:22:22-65
27    <uses-permission android:name="android.permission.REQUEST_IGNORE_BATTERY_OPTIMIZATIONS" />
27-->src\main\AndroidManifest.xml:23:5-95
27-->src\main\AndroidManifest.xml:23:22-92
28    <uses-permission android:name="android.permission.PACKAGE_USAGE_STATS" />
28-->src\main\AndroidManifest.xml:24:5-26:47
28-->src\main\AndroidManifest.xml:25:9-62
29    <uses-permission android:name="android.permission.QUERY_ALL_PACKAGES" />
29-->src\main\AndroidManifest.xml:27:5-29:53
29-->src\main\AndroidManifest.xml:28:9-61
30
31    <application
31-->src\main\AndroidManifest.xml:31:5-85:19
32        android:allowBackup="false"
32-->src\main\AndroidManifest.xml:32:9-36
33        android:appComponentFactory="androidx.core.app.CoreComponentFactory"
33-->[androidx.core:core:1.5.0] AndroidManifest.xml:24:18-86
34        android:debuggable="true"
35        android:extractNativeLibs="false"
36        android:fullBackupContent="false"
36-->src\main\AndroidManifest.xml:33:9-42
37        android:icon="@mipmap/app_icon"
37-->src\main\AndroidManifest.xml:34:9-40
38        android:label="@string/app_name"
38-->src\main\AndroidManifest.xml:35:9-41
39        android:roundIcon="@mipmap/app_icon_round"
39-->src\main\AndroidManifest.xml:36:9-51
40        android:supportsRtl="true"
40-->src\main\AndroidManifest.xml:37:9-35
41        android:testOnly="true"
42        android:theme="@style/Theme.KidsZone" >
42-->src\main\AndroidManifest.xml:38:9-46
43        <activity
43-->src\main\AndroidManifest.xml:40:9-42:40
44            android:name="com.example.kidszone.activites.HelpActivity"
44-->src\main\AndroidManifest.xml:41:13-71
45            android:exported="false" />
45-->src\main\AndroidManifest.xml:42:13-37
46        <activity
46-->src\main\AndroidManifest.xml:43:9-51:20
47            android:name="com.example.kidszone.HomeActivity"
47-->src\main\AndroidManifest.xml:44:13-61
48            android:exported="true" >
48-->src\main\AndroidManifest.xml:45:13-36
49            <intent-filter>
49-->src\main\AndroidManifest.xml:46:13-50:29
50                <action android:name="android.intent.action.MAIN" />
50-->src\main\AndroidManifest.xml:47:17-69
50-->src\main\AndroidManifest.xml:47:25-66
51
52                <category android:name="android.intent.category.LAUNCHER" />
52-->src\main\AndroidManifest.xml:49:17-77
52-->src\main\AndroidManifest.xml:49:27-74
53            </intent-filter>
54        </activity>
55        <activity
55-->src\main\AndroidManifest.xml:52:9-54:40
56            android:name="com.example.kidszone.activites.ScreenTimerActivity"
56-->src\main\AndroidManifest.xml:53:13-78
57            android:exported="false" />
57-->src\main\AndroidManifest.xml:54:13-37
58        <activity android:name="com.example.kidszone.activites.IntroScreen" />
58-->src\main\AndroidManifest.xml:55:9-79
58-->src\main\AndroidManifest.xml:55:19-76
59        <activity android:name="com.example.kidszone.activites.ScreenBlocker" />
59-->src\main\AndroidManifest.xml:56:9-81
59-->src\main\AndroidManifest.xml:56:19-78
60        <activity android:name="com.example.kidszone.activites.AllMobileApps" />
60-->src\main\AndroidManifest.xml:57:9-81
60-->src\main\AndroidManifest.xml:57:19-78
61        <activity android:name="com.example.kidszone.activites.UnblockedApps" />
61-->src\main\AndroidManifest.xml:58:9-81
61-->src\main\AndroidManifest.xml:58:19-78
62
63        <receiver
63-->src\main\AndroidManifest.xml:60:9-63:39
64            android:name="com.example.kidszone.broadcast.ReceiverApplock"
64-->src\main\AndroidManifest.xml:61:13-74
65            android:enabled="true"
65-->src\main\AndroidManifest.xml:62:13-35
66            android:exported="true" />
66-->src\main\AndroidManifest.xml:63:13-36
67        <receiver
67-->src\main\AndroidManifest.xml:64:9-67:39
68            android:name="com.example.kidszone.broadcast.LockScreenReceiver"
68-->src\main\AndroidManifest.xml:65:13-77
69            android:enabled="true"
69-->src\main\AndroidManifest.xml:66:13-35
70            android:exported="true" />
70-->src\main\AndroidManifest.xml:67:13-36
71
72        <service
72-->src\main\AndroidManifest.xml:69:9-72:40
73            android:name="com.example.kidszone.services.ServiceAppLock"
73-->src\main\AndroidManifest.xml:70:13-72
74            android:enabled="true"
74-->src\main\AndroidManifest.xml:71:13-35
75            android:exported="false" />
75-->src\main\AndroidManifest.xml:72:13-37
76        <service
76-->src\main\AndroidManifest.xml:73:9-76:72
77            android:name="com.example.kidszone.services.ServiceAppLockJobIntent"
77-->src\main\AndroidManifest.xml:74:13-81
78            android:exported="true"
78-->src\main\AndroidManifest.xml:75:13-36
79            android:permission="android.permission.BIND_JOB_SERVICE" />
79-->src\main\AndroidManifest.xml:76:13-69
80        <service
80-->src\main\AndroidManifest.xml:77:9-79:38
81            android:name="com.example.kidszone.services.FreezeService"
81-->src\main\AndroidManifest.xml:78:13-71
82            android:enabled="true" />
82-->src\main\AndroidManifest.xml:79:13-35
83        <service
83-->src\main\AndroidManifest.xml:80:9-82:38
84            android:name="com.example.kidszone.services.TimerService"
84-->src\main\AndroidManifest.xml:81:13-70
85            android:enabled="true" />
85-->src\main\AndroidManifest.xml:82:13-35
86        <service android:name="com.example.kidszone.services.GetBackCoreService" />
86-->src\main\AndroidManifest.xml:83:9-84
86-->src\main\AndroidManifest.xml:83:18-81
87        <service android:name="com.example.kidszone.services.LockScreenService" />
87-->src\main\AndroidManifest.xml:84:9-83
87-->src\main\AndroidManifest.xml:84:18-80
88    </application>
89
90</manifest>